<?xml version="1.0" encoding="UTF-8"?>
<!-- Generated by org.testng.reporters.JUnitXMLReporter -->
<testsuite ignored="1" hostname="ABHIRAMI" failures="0" tests="2" name="Test" time="13.359" errors="0" timestamp="2024-09-26T10:51:51 IST">
  <testcase classname="testpackage.Fblogintest" name="logintest" time="3.835"/>
  <testcase classname="testpackage.Createpagetest" name="createpagetest" time="2.278"/>
  <testcase classname="testpackage.Baseclass" name="@BeforeTest setUp" time="0.0">
    <ignored/>
  </testcase> <!-- @BeforeTest setUp -->
</testsuite> <!-- Test -->
