<?xml version="1.0" encoding="UTF-8"?>
<testng-results ignored="0" total="1" passed="1" failed="0" skipped="0">
  <reporter-output>
  </reporter-output>
  <suite started-at="2024-10-03T22:37:17 IST" name="Default suite" finished-at="2024-10-03T22:37:29 IST" duration-ms="12472">
    <groups>
    </groups>
    <test started-at="2024-10-03T22:37:17 IST" name="Default test" finished-at="2024-10-03T22:37:29 IST" duration-ms="12472">
      <class name="Datepickerdemo">
        <test-method is-config="true" signature="setUp()[pri:0, instance:Datepickerdemo@5677323c]" started-at="2024-10-03T22:37:17 IST" name="setUp" finished-at="2024-10-03T22:37:27 IST" duration-ms="10105" status="PASS">
          <reporter-output>
          </reporter-output>
        </test-method> <!-- setUp -->
        <test-method signature="test()[pri:0, instance:Datepickerdemo@5677323c]" started-at="2024-10-03T22:37:27 IST" name="test" finished-at="2024-10-03T22:37:29 IST" duration-ms="2212" status="PASS">
          <reporter-output>
          </reporter-output>
        </test-method> <!-- test -->
      </class> <!-- Datepickerdemo -->
    </test> <!-- Default test -->
  </suite> <!-- Default suite -->
</testng-results>
